test_cat (__main__.TestShell) ... ok
test_cat_stdin (__main__.TestShell) ... ok
test_cd_pwd (__main__.TestShell) ... ok
test_cut (__main__.TestShell) ... ok
test_cut_interval (__main__.TestShell) ... ok
test_cut_open_interval (__main__.TestShell) ... ok
test_cut_overlapping (__main__.TestShell) ... FAIL
test_cut_stdin (__main__.TestShell) ... ok
test_cut_union (__main__.TestShell) ... ok
test_disabled_doublequotes (__main__.TestShell) ... ok
test_doublequotes (__main__.TestShell) ... ok
test_echo (__main__.TestShell) ... ok
test_find (__main__.TestShell) ... ok
test_find_dir (__main__.TestShell) ... ok
test_find_pattern (__main__.TestShell) ... ok
test_globbing (__main__.TestShell) ... ok
test_globbing_dir (__main__.TestShell) ... ok
test_grep (__main__.TestShell) ... FAIL
test_grep_files (__main__.TestShell) ... ok
test_grep_no_matches (__main__.TestShell) ... ok
test_grep_re (__main__.TestShell) ... FAIL
test_grep_stdin (__main__.TestShell) ... ok
test_head (__main__.TestShell) ... ok
test_head_n0 (__main__.TestShell) ... ok
test_head_n5 (__main__.TestShell) ... FAIL
test_head_n50 (__main__.TestShell) ... FAIL
test_head_stdin (__main__.TestShell) ... ok
test_input_redirection (__main__.TestShell) ... ok
test_input_redirection_infront (__main__.TestShell) ... ok
test_input_redirection_nospace (__main__.TestShell) ... ok
test_ls (__main__.TestShell) ... ok
test_ls_dir (__main__.TestShell) ... ok
test_ls_hidden (__main__.TestShell) ... ok
test_nested_doublequotes (__main__.TestShell) ... ok
test_output_redirection (__main__.TestShell) ... ok
test_output_redirection_overwrite (__main__.TestShell) ... ok
test_pipe_chain_sort_uniq (__main__.TestShell) ... FAIL
test_pipe_uniq (__main__.TestShell) ... FAIL
test_pwd (__main__.TestShell) ... ok
test_quote_keyword (__main__.TestShell) ... ok
test_semicolon (__main__.TestShell) ... ok
test_semicolon_chain (__main__.TestShell) ... ok
test_semicolon_exception (__main__.TestShell) ... ok
test_singlequotes (__main__.TestShell) ... ok
test_sort (__main__.TestShell) ... ok
test_sort_r (__main__.TestShell) ... ok
test_sort_stdin (__main__.TestShell) ... ok
test_sort_uniq (__main__.TestShell) ... FAIL
test_splitting (__main__.TestShell) ... ok
test_substitution (__main__.TestShell) ... ok
test_substitution_app (__main__.TestShell) ... ok
test_substitution_doublequotes (__main__.TestShell) ... ok
test_substitution_insidearg (__main__.TestShell) ... ok
test_substitution_keywords (__main__.TestShell) ... ok
test_substitution_semicolon (__main__.TestShell) ... FAIL
test_substitution_sort_find (__main__.TestShell) ... FAIL
test_substitution_splitting (__main__.TestShell) ... ok
test_tail (__main__.TestShell) ... ok
test_tail_n0 (__main__.TestShell) ... ok
test_tail_n5 (__main__.TestShell) ... FAIL
test_tail_n50 (__main__.TestShell) ... FAIL
test_tail_stdin (__main__.TestShell) ... ok
test_uniq (__main__.TestShell) ... ok
test_uniq_i (__main__.TestShell) ... ok
test_uniq_stdin (__main__.TestShell) ... ok
test_unsafe_ls (__main__.TestShell) ... ok

======================================================================
FAIL: test_cut_overlapping (__main__.TestShell)
----------------------------------------------------------------------
Traceback (most recent call last):
  File "/Users/janp/Documents/UCL/COMP0010/comp0010-shell-python-p22/system_test/tests.py", line 292, in test_cut_overlapping
    self.assertEqual(result, ["AA", "BB", "AA"])
AssertionError: Lists differ: ['AA', 'A', 'BB', 'B', 'AA', 'A'] != ['AA', 'BB', 'AA']

First differing element 1:
'A'
'BB'

First list contains 3 additional elements.
First extra element 3:
'B'

- ['AA', 'A', 'BB', 'B', 'AA', 'A']
+ ['AA', 'BB', 'AA']

======================================================================
FAIL: test_grep (__main__.TestShell)
----------------------------------------------------------------------
Traceback (most recent call last):
  File "/Users/janp/Documents/UCL/COMP0010/comp0010-shell-python-p22/system_test/tests.py", line 194, in test_grep
    self.assertEqual(result, ["AAA", "AAA"])
AssertionError: Lists differ: ['dir1/file1.txt:AAA', 'dir1/file1.txt:AAA'] != ['AAA', 'AAA']

First differing element 0:
'dir1/file1.txt:AAA'
'AAA'

- ['dir1/file1.txt:AAA', 'dir1/file1.txt:AAA']
+ ['AAA', 'AAA']

======================================================================
FAIL: test_grep_re (__main__.TestShell)
----------------------------------------------------------------------
Traceback (most recent call last):
  File "/Users/janp/Documents/UCL/COMP0010/comp0010-shell-python-p22/system_test/tests.py", line 206, in test_grep_re
    self.assertEqual(result, ["AAA", "AAA"])
AssertionError: Lists differ: ['dir1/file1.txt:AAA', 'dir1/file1.txt:AAA'] != ['AAA', 'AAA']

First differing element 0:
'dir1/file1.txt:AAA'
'AAA'

- ['dir1/file1.txt:AAA', 'dir1/file1.txt:AAA']
+ ['AAA', 'AAA']

======================================================================
FAIL: test_head_n5 (__main__.TestShell)
----------------------------------------------------------------------
Traceback (most recent call last):
  File "/Users/janp/Documents/UCL/COMP0010/comp0010-shell-python-p22/system_test/tests.py", line 146, in test_head_n5
    self.assertEqual(result, [str(i) for i in range(1, 6)])
AssertionError: Lists differ: [''] != ['1', '2', '3', '4', '5']

First differing element 0:
''
'1'

Second list contains 4 additional elements.
First extra element 1:
'2'

- ['']
+ ['1', '2', '3', '4', '5']

======================================================================
FAIL: test_head_n50 (__main__.TestShell)
----------------------------------------------------------------------
Traceback (most recent call last):
  File "/Users/janp/Documents/UCL/COMP0010/comp0010-shell-python-p22/system_test/tests.py", line 152, in test_head_n50
    self.assertEqual(result, [str(i) for i in range(1, 21)])
AssertionError: Lists differ: [''] != ['1', '2', '3', '4', '5', '6', '7', '8', '9[63 chars]'20']

First differing element 0:
''
'1'

Second list contains 19 additional elements.
First extra element 1:
'2'

- ['']
+ ['1',
+  '2',
+  '3',
+  '4',
+  '5',
+  '6',
+  '7',
+  '8',
+  '9',
+  '10',
+  '11',
+  '12',
+  '13',
+  '14',
+  '15',
+  '16',
+  '17',
+  '18',
+  '19',
+  '20']

======================================================================
FAIL: test_pipe_chain_sort_uniq (__main__.TestShell)
----------------------------------------------------------------------
Traceback (most recent call last):
  File "/Users/janp/Documents/UCL/COMP0010/comp0010-shell-python-p22/system_test/tests.py", line 496, in test_pipe_chain_sort_uniq
    self.assertEqual(result, ["AAA", "BBB", "CCC"])
AssertionError: Lists differ: ['AAAAAABBBCC'] != ['AAA', 'BBB', 'CCC']

First differing element 0:
'AAAAAABBBCC'
'AAA'

Second list contains 2 additional elements.
First extra element 1:
'BBB'

- ['AAAAAABBBCC']
+ ['AAA', 'BBB', 'CCC']

======================================================================
FAIL: test_pipe_uniq (__main__.TestShell)
----------------------------------------------------------------------
Traceback (most recent call last):
  File "/Users/janp/Documents/UCL/COMP0010/comp0010-shell-python-p22/system_test/tests.py", line 478, in test_pipe_uniq
    self.assertEqual(result, ["AAA", "BBB", "AAA"])
AssertionError: Lists differ: ['AAABBBAAA'] != ['AAA', 'BBB', 'AAA']

First differing element 0:
'AAABBBAAA'
'AAA'

Second list contains 2 additional elements.
First extra element 1:
'BBB'

- ['AAABBBAAA']
+ ['AAA', 'BBB', 'AAA']
?      ++++   ++++


======================================================================
FAIL: test_sort_uniq (__main__.TestShell)
----------------------------------------------------------------------
Traceback (most recent call last):
  File "/Users/janp/Documents/UCL/COMP0010/comp0010-shell-python-p22/system_test/tests.py", line 262, in test_sort_uniq
    self.assertEqual(result, ["AAA", "BBB"])
AssertionError: Lists differ: ['AAA', 'AAA', 'BBB'] != ['AAA', 'BBB']

First differing element 1:
'AAA'
'BBB'

First list contains 1 additional elements.
First extra element 2:
'BBB'

- ['AAA', 'AAA', 'BBB']
?         -------

+ ['AAA', 'BBB']

======================================================================
FAIL: test_substitution_semicolon (__main__.TestShell)
----------------------------------------------------------------------
Traceback (most recent call last):
  File "/Users/janp/Documents/UCL/COMP0010/comp0010-shell-python-p22/system_test/tests.py", line 539, in test_substitution_semicolon
    self.assertEqual(result, "foo bar")
AssertionError: 'foobar' != 'foo bar'
- foobar
+ foo bar
?    +


======================================================================
FAIL: test_substitution_sort_find (__main__.TestShell)
----------------------------------------------------------------------
Traceback (most recent call last):
  File "/Users/janp/Documents/UCL/COMP0010/comp0010-shell-python-p22/system_test/tests.py", line 533, in test_substitution_sort_find
    self.assertEqual(result, ["AAA", "AAA", "aaa"])
AssertionError: Lists differ: ['AAAAAAaaa'] != ['AAA', 'AAA', 'aaa']

First differing element 0:
'AAAAAAaaa'
'AAA'

Second list contains 2 additional elements.
First extra element 1:
'AAA'

- ['AAAAAAaaa']
+ ['AAA', 'AAA', 'aaa']
?      ++++   ++++


======================================================================
FAIL: test_tail_n5 (__main__.TestShell)
----------------------------------------------------------------------
Traceback (most recent call last):
  File "/Users/janp/Documents/UCL/COMP0010/comp0010-shell-python-p22/system_test/tests.py", line 176, in test_tail_n5
    self.assertEqual(result, [str(i) for i in range(16, 21)])
AssertionError: Lists differ: [''] != ['16', '17', '18', '19', '20']

First differing element 0:
''
'16'

Second list contains 4 additional elements.
First extra element 1:
'17'

- ['']
+ ['16', '17', '18', '19', '20']

======================================================================
FAIL: test_tail_n50 (__main__.TestShell)
----------------------------------------------------------------------
Traceback (most recent call last):
  File "/Users/janp/Documents/UCL/COMP0010/comp0010-shell-python-p22/system_test/tests.py", line 182, in test_tail_n50
    self.assertEqual(result, [str(i) for i in range(1, 21)])
AssertionError: Lists differ: [''] != ['1', '2', '3', '4', '5', '6', '7', '8', '9[63 chars]'20']

First differing element 0:
''
'1'

Second list contains 19 additional elements.
First extra element 1:
'2'

- ['']
+ ['1',
+  '2',
+  '3',
+  '4',
+  '5',
+  '6',
+  '7',
+  '8',
+  '9',
+  '10',
+  '11',
+  '12',
+  '13',
+  '14',
+  '15',
+  '16',
+  '17',
+  '18',
+  '19',
+  '20']

----------------------------------------------------------------------
Ran 66 tests in 50.021s

FAILED (failures=12)